[2022-04-12T13:07:08.008Z] [org.springframework.boot.diagnostics.LoggingFailureAnalysisReporter] [restartedMain] [40] [ERROR] 

***************************
APPLICATION FAILED TO START
***************************

Description:

Failed to bind properties under 'logging.level.com.tecnotree' to org.springframework.boot.logging.LogLevel:

    Property: logging.level.com.tecnotree
    Value: ${LOG_LEVEL}
    Origin: class path resource [application.properties] - 15:29
    Reason: failed to convert java.lang.String to org.springframework.boot.logging.LogLevel (caused by java.lang.IllegalArgumentException: No enum constant org.springframework.boot.logging.LogLevel.${LOG_LEVEL})

Action:

Update your application's configuration. The following values are valid:

    DEBUG
    ERROR
    FATAL
    INFO
    OFF
    TRACE
    WARN

[2022-04-12T13:07:20.020Z] [org.springframework.boot.diagnostics.LoggingFailureAnalysisReporter] [restartedMain] [40] [ERROR] 

***************************
APPLICATION FAILED TO START
***************************

Description:

Failed to bind properties under 'logging.level.com.tecnotree' to org.springframework.boot.logging.LogLevel:

    Property: logging.level.com.tecnotree
    Value: ${LOG_LEVEL}
    Origin: class path resource [application.properties] - 15:29
    Reason: failed to convert java.lang.String to org.springframework.boot.logging.LogLevel (caused by java.lang.IllegalArgumentException: No enum constant org.springframework.boot.logging.LogLevel.${LOG_LEVEL})

Action:

Update your application's configuration. The following values are valid:

    DEBUG
    ERROR
    FATAL
    INFO
    OFF
    TRACE
    WARN

[2022-04-12T13:09:48.048Z] [org.springframework.boot.diagnostics.LoggingFailureAnalysisReporter] [restartedMain] [40] [ERROR] 

***************************
APPLICATION FAILED TO START
***************************

Description:

Failed to bind properties under 'logging.level.com.tecnotree' to org.springframework.boot.logging.LogLevel:

    Property: logging.level.com.tecnotree
    Value: ${LOG_LEVEL}
    Origin: class path resource [application.properties] - 15:29
    Reason: failed to convert java.lang.String to org.springframework.boot.logging.LogLevel (caused by java.lang.IllegalArgumentException: No enum constant org.springframework.boot.logging.LogLevel.${LOG_LEVEL})

Action:

Update your application's configuration. The following values are valid:

    DEBUG
    ERROR
    FATAL
    INFO
    OFF
    TRACE
    WARN

[2022-04-12T13:13:33.033Z] [org.springframework.boot.diagnostics.LoggingFailureAnalysisReporter] [main] [40] [ERROR] 

***************************
APPLICATION FAILED TO START
***************************

Description:

Failed to bind properties under 'logging.level.com.tecnotree' to org.springframework.boot.logging.LogLevel:

    Property: logging.level.com.tecnotree
    Value: ${LOG_LEVEL}
    Origin: class path resource [application.properties] - 15:29
    Reason: failed to convert java.lang.String to org.springframework.boot.logging.LogLevel (caused by java.lang.IllegalArgumentException: No enum constant org.springframework.boot.logging.LogLevel.${LOG_LEVEL})

Action:

Update your application's configuration. The following values are valid:

    DEBUG
    ERROR
    FATAL
    INFO
    OFF
    TRACE
    WARN

[2022-04-12T13:13:58.058Z] [org.springframework.boot.diagnostics.LoggingFailureAnalysisReporter] [main] [40] [ERROR] 

***************************
APPLICATION FAILED TO START
***************************

Description:

Failed to bind properties under 'logging.level.com.tecnotree' to org.springframework.boot.logging.LogLevel:

    Property: logging.level.com.tecnotree
    Value: ${LOG_LEVEL}
    Origin: class path resource [application.properties] - 15:29
    Reason: failed to convert java.lang.String to org.springframework.boot.logging.LogLevel (caused by java.lang.IllegalArgumentException: No enum constant org.springframework.boot.logging.LogLevel.${LOG_LEVEL})

Action:

Update your application's configuration. The following values are valid:

    DEBUG
    ERROR
    FATAL
    INFO
    OFF
    TRACE
    WARN

[2022-04-12T14:13:07.007Z] [org.springframework.boot.StartupInfoLogger] [restartedMain] [55] [INFO ] Starting ExternalNotificationServiceApplication using Java 11.0.11 on ECCEVALFR with PID 28984 (C:\Users\cevalfr\git\ExternalNotificationService\ExternalNotificationService\target\classes started by cevalfr in C:\Users\cevalfr\git\ExternalNotificationService\ExternalNotificationService)
[2022-04-12T14:13:07.007Z] [org.springframework.boot.StartupInfoLogger] [restartedMain] [56] [DEBUG] Running with Spring Boot v2.6.4, Spring v5.3.16
[2022-04-12T14:13:07.007Z] [org.springframework.boot.SpringApplication] [restartedMain] [640] [INFO ] No active profile set, falling back to 1 default profile: "default"
[2022-04-12T14:13:07.007Z] [org.springframework.boot.logging.DeferredLog] [restartedMain] [255] [INFO ] Devtools property defaults active! Set 'spring.devtools.add-properties' to 'false' to disable
[2022-04-12T14:13:07.007Z] [org.springframework.boot.logging.DeferredLog] [restartedMain] [255] [INFO ] For additional web related logging consider setting the 'logging.level.web' property to 'DEBUG'
[2022-04-12T14:13:07.007Z] [org.springframework.data.repository.config.RepositoryConfigurationDelegate] [restartedMain] [132] [INFO ] Bootstrapping Spring Data MongoDB repositories in DEFAULT mode.
[2022-04-12T14:13:07.007Z] [org.springframework.data.repository.config.RepositoryConfigurationDelegate] [restartedMain] [201] [INFO ] Finished Spring Data repository scanning in 10 ms. Found 0 MongoDB repository interfaces.
[2022-04-12T14:13:08.008Z] [org.springframework.boot.web.embedded.tomcat.TomcatWebServer] [restartedMain] [108] [INFO ] Tomcat initialized with port(s): 9898 (http)
[2022-04-12T14:13:08.008Z] [org.apache.juli.logging.DirectJDKLog] [restartedMain] [173] [INFO ] Starting service [Tomcat]
[2022-04-12T14:13:08.008Z] [org.apache.juli.logging.DirectJDKLog] [restartedMain] [173] [INFO ] Starting Servlet engine: [Apache Tomcat/9.0.58]
[2022-04-12T14:13:08.008Z] [org.apache.juli.logging.DirectJDKLog] [restartedMain] [173] [INFO ] Initializing Spring embedded WebApplicationContext
[2022-04-12T14:13:08.008Z] [org.springframework.boot.web.servlet.context.ServletWebServerApplicationContext] [restartedMain] [290] [INFO ] Root WebApplicationContext: initialization completed in 1260 ms
[2022-04-12T14:13:08.008Z] [com.tecnotree.config.AsyncConfiguration] [restartedMain] [24] [DEBUG] Enter: taskExecutor
[2022-04-12T14:13:08.008Z] [com.tecnotree.config.AsyncConfiguration] [restartedMain] [29] [DEBUG] CorePoolSize: 30
[2022-04-12T14:13:08.008Z] [com.tecnotree.config.AsyncConfiguration] [restartedMain] [30] [DEBUG] QueueCapacity: 300
[2022-04-12T14:13:08.008Z] [com.tecnotree.config.AsyncConfiguration] [restartedMain] [31] [DEBUG] MaxPoolSize: 40
[2022-04-12T14:13:08.008Z] [com.tecnotree.config.AsyncConfiguration] [restartedMain] [34] [DEBUG] Exit: taskExecutor
[2022-04-12T14:13:08.008Z] [org.springframework.boot.autoconfigure.thymeleaf.ThymeleafAutoConfiguration$DefaultTemplateResolverConfiguration] [restartedMain] [106] [WARN ] Cannot find template location: classpath:/templates/ (please add some templates or check your Thymeleaf configuration)
[2022-04-12T14:13:08.008Z] [org.springframework.boot.devtools.autoconfigure.OptionalLiveReloadServer] [restartedMain] [61] [WARN ] Unable to start LiveReload server
[2022-04-12T14:13:08.008Z] [org.springframework.context.support.AbstractApplicationContext] [restartedMain] [591] [WARN ] Exception encountered during context initialization - cancelling refresh attempt: org.springframework.context.ApplicationContextException: Failed to start bean 'webServerStartStop'; nested exception is org.springframework.boot.web.server.PortInUseException: Port 9898 is already in use
[2022-04-12T14:13:08.008Z] [org.apache.juli.logging.DirectJDKLog] [restartedMain] [173] [INFO ] Stopping service [Tomcat]
[2022-04-12T14:13:08.008Z] [org.springframework.boot.autoconfigure.logging.ConditionEvaluationReportLoggingListener] [restartedMain] [136] [INFO ] 

Error starting ApplicationContext. To display the conditions report re-run your application with 'debug' enabled.
[2022-04-12T14:13:08.008Z] [org.springframework.boot.diagnostics.LoggingFailureAnalysisReporter] [restartedMain] [40] [ERROR] 

***************************
APPLICATION FAILED TO START
***************************

Description:

Web server failed to start. Port 9898 was already in use.

Action:

Identify and stop the process that's listening on port 9898 or configure this application to listen on another port.

[2022-04-12T14:37:48.048Z] [org.springframework.boot.StartupInfoLogger] [restartedMain] [55] [INFO ] Starting ExternalNotificationServiceApplication using Java 11.0.11 on ECCEVALFR with PID 18868 (C:\Users\cevalfr\git\ExternalNotificationService\ExternalNotificationService\target\classes started by cevalfr in C:\Users\cevalfr\git\ExternalNotificationService\ExternalNotificationService)
[2022-04-12T14:37:48.048Z] [org.springframework.boot.StartupInfoLogger] [restartedMain] [56] [DEBUG] Running with Spring Boot v2.6.4, Spring v5.3.16
[2022-04-12T14:37:48.048Z] [org.springframework.boot.SpringApplication] [restartedMain] [640] [INFO ] No active profile set, falling back to 1 default profile: "default"
[2022-04-12T14:37:48.048Z] [org.springframework.boot.logging.DeferredLog] [restartedMain] [255] [INFO ] Devtools property defaults active! Set 'spring.devtools.add-properties' to 'false' to disable
[2022-04-12T14:37:48.048Z] [org.springframework.boot.logging.DeferredLog] [restartedMain] [255] [INFO ] For additional web related logging consider setting the 'logging.level.web' property to 'DEBUG'
[2022-04-12T14:37:48.048Z] [org.springframework.data.repository.config.RepositoryConfigurationDelegate] [restartedMain] [132] [INFO ] Bootstrapping Spring Data MongoDB repositories in DEFAULT mode.
[2022-04-12T14:37:48.048Z] [org.springframework.data.repository.config.RepositoryConfigurationDelegate] [restartedMain] [201] [INFO ] Finished Spring Data repository scanning in 9 ms. Found 0 MongoDB repository interfaces.
[2022-04-12T14:37:48.048Z] [org.springframework.boot.web.embedded.tomcat.TomcatWebServer] [restartedMain] [108] [INFO ] Tomcat initialized with port(s): 9898 (http)
[2022-04-12T14:37:48.048Z] [org.apache.juli.logging.DirectJDKLog] [restartedMain] [173] [INFO ] Starting service [Tomcat]
[2022-04-12T14:37:48.048Z] [org.apache.juli.logging.DirectJDKLog] [restartedMain] [173] [INFO ] Starting Servlet engine: [Apache Tomcat/9.0.58]
[2022-04-12T14:37:49.049Z] [org.apache.juli.logging.DirectJDKLog] [restartedMain] [173] [INFO ] Initializing Spring embedded WebApplicationContext
[2022-04-12T14:37:49.049Z] [org.springframework.boot.web.servlet.context.ServletWebServerApplicationContext] [restartedMain] [290] [INFO ] Root WebApplicationContext: initialization completed in 1012 ms
[2022-04-12T14:37:49.049Z] [com.tecnotree.config.AsyncConfiguration] [restartedMain] [24] [DEBUG] Enter: taskExecutor
[2022-04-12T14:37:49.049Z] [com.tecnotree.config.AsyncConfiguration] [restartedMain] [29] [DEBUG] CorePoolSize: 30
[2022-04-12T14:37:49.049Z] [com.tecnotree.config.AsyncConfiguration] [restartedMain] [30] [DEBUG] QueueCapacity: 300
[2022-04-12T14:37:49.049Z] [com.tecnotree.config.AsyncConfiguration] [restartedMain] [31] [DEBUG] MaxPoolSize: 40
[2022-04-12T14:37:49.049Z] [com.tecnotree.config.AsyncConfiguration] [restartedMain] [34] [DEBUG] Exit: taskExecutor
[2022-04-12T14:37:49.049Z] [org.springframework.boot.autoconfigure.thymeleaf.ThymeleafAutoConfiguration$DefaultTemplateResolverConfiguration] [restartedMain] [106] [WARN ] Cannot find template location: classpath:/templates/ (please add some templates or check your Thymeleaf configuration)
[2022-04-12T14:37:49.049Z] [org.springframework.boot.devtools.autoconfigure.OptionalLiveReloadServer] [restartedMain] [58] [INFO ] LiveReload server is running on port 35729
[2022-04-12T14:37:49.049Z] [org.springframework.boot.web.embedded.tomcat.TomcatWebServer] [restartedMain] [220] [INFO ] Tomcat started on port(s): 9898 (http) with context path ''
[2022-04-12T14:37:49.049Z] [org.springframework.boot.StartupInfoLogger] [restartedMain] [61] [INFO ] Started ExternalNotificationServiceApplication in 1.892 seconds (JVM running for 2.752)
[2022-04-12T14:37:49.049Z] [com.tecnotree.ExternalNotificationServiceApplication] [restartedMain] [58] [INFO ] Total Rules configured: 19
[2022-04-12T14:37:49.049Z] [com.tecnotree.ExternalNotificationServiceApplication] [restartedMain] [74] [INFO ] Rule No.1: {"id": 1,"ruleDetail": {"timeout": 6000, "applicationName": "mplay_valid_en","initialFilter":{"operationCode":"AB","rejectionCode":"0"}, "dmn":{"table":"BonoDuration","sourceObject":"Request.boltonCode","inputColumn":"boltonCode","outputColum":"bono", "rejectTx": "Error"}, "postHttpRest": "http://mplay-wfi-uat.appolo.com.pe/DAP/workflow/async/mplay_valid_en_demo"}}
[2022-04-12T14:37:49.049Z] [com.tecnotree.ExternalNotificationServiceApplication] [restartedMain] [74] [INFO ] Rule No.2: {"id": 2,"ruleDetail": {"timeout": 6000, "applicationName": "extNot_pcrf","initialFilter":{"operationCode":"AB","rejectionCode":"0"}, "dmn":{"table":"extnotPCRFboltonCode","sourceObject":"Request.boltonCode","inputColumn":"boltonCode","outputColum":"serviceName", "rejectTx": "Error"}, "postHttpRest": "http://dap-mqsequential-processor-service.dap-apps/dmps/mqsequential/mqsequentialService/processSequential"}}
[2022-04-12T14:37:49.049Z] [com.tecnotree.ExternalNotificationServiceApplication] [restartedMain] [74] [INFO ] Rule No.3: {"id": 3,"ruleDetail": {"timeout": 6000, "applicationName": "extNot_pcrf","initialFilter":{"operationCode":"BB","rejectionCode":"0"}, "dmn":{"table":"extnotPCRFboltonCode","sourceObject":"Request.boltonCode","inputColumn":"boltonCode","outputColum":"serviceName", "rejectTx": "Error"}, "postHttpRest": "http://dap-mqsequential-processor-service.dap-apps/dmps/mqsequential/mqsequentialService/processSequential"}}
[2022-04-12T14:37:49.049Z] [com.tecnotree.ExternalNotificationServiceApplication] [restartedMain] [74] [INFO ] Rule No.4: {"id": 4,"ruleDetail": {"timeout": 6000, "applicationName": "extNot_pcrf","initialFilter":{"operationCode":"XB","rejectionCode":"0"}, "dmn":{"table":"extnotPCRFboltonCode","sourceObject":"Request.boltonCode","inputColumn":"boltonCode","outputColum":"serviceName", "rejectTx": "Error"}, "postHttpRest": "http://dap-mqsequential-processor-service.dap-apps/dmps/mqsequential/mqsequentialService/processSequential"}}
[2022-04-12T14:37:49.049Z] [com.tecnotree.ExternalNotificationServiceApplication] [restartedMain] [74] [INFO ] Rule No.5: {"id": 5,"ruleDetail": {"timeout": 6000, "applicationName": "extNot_pcrf","initialFilter":{"operationCode":"RK","rejectionCode":"0"}, "dmn":{"table":"extnotPCRFboltonCode","sourceObject":"Request.boltonCode","inputColumn":"boltonCode","outputColum":"serviceName", "rejectTx": "Error"}, "postHttpRest": "http://dap-mqsequential-processor-service.dap-apps/dmps/mqsequential/mqsequentialService/processSequential"}}
[2022-04-12T14:37:49.049Z] [com.tecnotree.ExternalNotificationServiceApplication] [restartedMain] [74] [INFO ] Rule No.6: {"id": 6,"ruleDetail": {"timeout": 6000, "applicationName": "extNot_on_off","initialFilter":{"operationCode":"AB","rejectionCode":"0"}, "dmn":{"table":"aypPCRFboltonCode","sourceObject":"Request.boltonCode","inputColumn":"boltonCode","outputColum":"serviceName", "rejectTx": "Error"}, "postHttpRest": "http://dap-mqsequential-processor-service.dap-apps/dmps/mqsequential/mqsequentialService/processSequential"}}
[2022-04-12T14:37:49.049Z] [com.tecnotree.ExternalNotificationServiceApplication] [restartedMain] [74] [INFO ] Rule No.7: {"id": 7,"ruleDetail": {"timeout": 6000, "applicationName": "extNot_on_off","initialFilter":{"operationCode":"RK","rejectionCode":"0"}, "dmn":{"table":"aypPCRFboltonCodeRK","sourceObject":"Request.boltonCode","inputColumn":"boltonCode","outputColum":"serviceName", "rejectTx": "Error"}, "postHttpRest": "http://dap-mqsequential-processor-service.dap-apps/dmps/mqsequential/mqsequentialService/processSequential"}}
[2022-04-12T14:37:49.049Z] [com.tecnotree.ExternalNotificationServiceApplication] [restartedMain] [74] [INFO ] Rule No.8: {"id": 8,"ruleDetail": {"timeout": 6000, "applicationName": "extNot_on_off","initialFilter":{"operationCode":"RC","rejectionCode":"0"}, "dmn":{"table":"aypPCRFtariffPlanRC","sourceObject":"Request.tariffPlan","inputColumn":"tariffPlan","outputColum":"serviceName", "rejectTx": "Error"}, "postHttpRest": "http://dap-mqsequential-processor-service.dap-apps/dmps/mqsequential/mqsequentialService/processSequential"}}
[2022-04-12T14:37:49.049Z] [com.tecnotree.ExternalNotificationServiceApplication] [restartedMain] [74] [INFO ] Rule No.9: {"id": 9,"ruleDetail": {"timeout": 6000, "applicationName": "extNot_RTD","initialFilter":{"operationCode":"BB","rejectionCode":"0"}, "dmn":{"table":"extnotRTDboltonCode","sourceObject":"Request.boltonCode","inputColumn":"boltonCode","outputColum":"serviceName", "rejectTx": "Error"}, "postHttpRest": "http://dap-orchestration-mplay-workflownitiator.dap-apps:8080/DAP/workflow/async/extNot_RTD"}}
[2022-04-12T14:37:49.049Z] [com.tecnotree.ExternalNotificationServiceApplication] [restartedMain] [74] [INFO ] Rule No.10: {"id": 10,"ruleDetail": {"timeout": 6000, "applicationName": "extNot_RTD","initialFilter":{"operationCode":"XB","rejectionCode":"0"}, "dmn":{"table":"extnotRTDboltonCode","sourceObject":"Request.boltonCode","inputColumn":"boltonCode","outputColum":"serviceName", "rejectTx": "Error"}, "postHttpRest": "http://dap-orchestration-mplay-workflownitiator.dap-apps:8080/DAP/workflow/async/extNot_RTD"}}
[2022-04-12T14:37:49.049Z] [com.tecnotree.ExternalNotificationServiceApplication] [restartedMain] [74] [INFO ] Rule No.11: {"id": 11,"ruleDetail": {"timeout": 6000, "applicationName": "extNot_RTD","initialFilter":{"operationCode":"CB","rejectionCode":"0"}, "dmn":{"table":"extnotRTDboltonCode","sourceObject":"Request.boltonCode","inputColumn":"boltonCode","outputColum":"serviceName", "rejectTx": "Error"}, "postHttpRest": "http://dap-orchestration-mplay-workflownitiator.dap-apps:8080/DAP/workflow/async/extNot_RTD"}}
[2022-04-12T14:37:49.049Z] [com.tecnotree.ExternalNotificationServiceApplication] [restartedMain] [74] [INFO ] Rule No.12: {"id": 12,"ruleDetail": {"timeout": 6000, "applicationName": "extNot_RTD","initialFilter":{"operationCode":"UB","rejectionCode":"0"}, "dmn":{"table":"extnotRTDboltonCode","sourceObject":"Request.boltonCode","inputColumn":"boltonCode","outputColum":"serviceName", "rejectTx": "Error"}, "postHttpRest": "http://dap-orchestration-mplay-workflownitiator.dap-apps:8080/DAP/workflow/async/extNot_RTD"}}
[2022-04-12T14:37:49.049Z] [com.tecnotree.ExternalNotificationServiceApplication] [restartedMain] [74] [INFO ] Rule No.13: {"id": 13,"ruleDetail": {"timeout": 6000, "applicationName": "extNot_RTD","initialFilter":{"operationCode":"RB","rejectionCode":"0"}, "dmn":{"table":"","sourceObject":"","inputColumn":"","outputColum":"", "rejectTx": ""}, "postHttpRest": "http://dap-orchestration-mplay-workflownitiator.dap-apps:8080/DAP/workflow/async/extNot_RTD"}}
[2022-04-12T14:37:49.049Z] [com.tecnotree.ExternalNotificationServiceApplication] [restartedMain] [74] [INFO ] Rule No.14: {"id": 14,"ruleDetail": {"timeout": 6000, "applicationName": "extNot_ussdPayPerUsage","initialFilter":{"operationCode":"XB","rejectionCode":"0"}, "dmn":{"table":"USSDpayPerUsage","sourceObject":"Request.boltonCode","inputColumn":"boltonCode","outputColum":"profile", "rejectTx": "Error"}, "postHttpRest": "http://dap-orchestration-mplay-workflownitiator.dap-apps:8080/DAP/workflow/async/extNot_ussdPayPerUsage"}}
[2022-04-12T14:37:49.049Z] [com.tecnotree.ExternalNotificationServiceApplication] [restartedMain] [74] [INFO ] Rule No.15: {"id": 15,"ruleDetail": {"timeout": 6000, "applicationName": "extNot_movistar_passport","initialFilter":{"operationCode":"UB","rejectionCode":"0"}, "dmn":{"table":"extNotMovistarPassport","sourceObject":"Request.boltonCode","inputColumn":"boltonCode","outputColum":"serviceName", "rejectTx": "Error"}, "postHttpRest": "http://dap-orchestration-mplay-workflownitiator.dap-apps:8080/DAP/workflow/async/extNot_movistar_passport"}}
[2022-04-12T14:37:49.049Z] [com.tecnotree.ExternalNotificationServiceApplication] [restartedMain] [74] [INFO ] Rule No.16: {"id": 16,"ruleDetail": {"timeout": 6000, "applicationName": "extNot_movistar_roaming","initialFilter":{"operationCode":"AB","rejectionCode":"0"}, "dmn":{"table":"extNotMovistarRoaming","sourceObject":"Request.boltonCode","inputColumn":"boltonCode","outputColum":"serviceName", "rejectTx": "Error"}, "postHttpRest": "http://dap-orchestration-mplay-workflownitiator.dap-apps:8080/DAP/workflow/async/extNot_movistar_roaming"}}
[2022-04-12T14:37:49.049Z] [com.tecnotree.ExternalNotificationServiceApplication] [restartedMain] [74] [INFO ] Rule No.17: {"id": 17,"ruleDetail": {"timeout": 6000, "applicationName": "extNot_movistar_roaming","initialFilter":{"operationCode":"AB","rejectionCode":"90001"}, "dmn":{"table":"extNotMovistarRoaming","sourceObject":"Request.boltonCode","inputColumn":"boltonCode","outputColum":"serviceName", "rejectTx": "Error"}, "postHttpRest": "http://dap-orchestration-mplay-workflownitiator.dap-apps:8080/DAP/workflow/async/extNot_movistar_roaming"}}
[2022-04-12T14:37:49.049Z] [com.tecnotree.ExternalNotificationServiceApplication] [restartedMain] [74] [INFO ] Rule No.18: {"id": 18,"ruleDetail": {"timeout": 6000, "applicationName": "extNot_movistar_roaming","initialFilter":{"operationCode":"XB","rejectionCode":"90001"}, "dmn":{"table":"extNotMovistarRoaming","sourceObject":"Request.boltonCode","inputColumn":"boltonCode","outputColum":"serviceName", "rejectTx": "Error"}, "postHttpRest": "http://dap-orchestration-mplay-workflownitiator.dap-apps:8080/DAP/workflow/async/extNot_movistar_roaming"}}
[2022-04-12T14:37:49.049Z] [com.tecnotree.ExternalNotificationServiceApplication] [restartedMain] [74] [INFO ] Rule No.19: {"id": 19,"ruleDetail": {"timeout": 6000, "applicationName": "lifecycle_balanceRefund","initialFilter":{"operationCode":"RC","rejectionCode":"0","walletId": "1"}, "dmn":{"table":"inputChannelBalanceRefund","sourceObject":"Request.operationCode","inputColumn":"channel","outputColum":"isEnabled", "rejectTx": "0"}, "postHttpRest": "http://dap-orchestration-mplay-workflownitiator.dap-apps:8080/DAP/workflow/async/life-cycle-balance-refund"}}
[2022-04-12T14:37:49.049Z] [com.tecnotree.ExternalNotificationServiceApplication] [restartedMain] [80] [INFO ] Total Rules loaded: 19
[2022-04-12T14:37:49.049Z] [com.tecnotree.ExternalNotificationServiceApplication] [restartedMain] [82] [INFO ] Loading DMN in memory...
[2022-04-12T14:37:49.049Z] [com.tecnotree.node.db.mongo.config.EnMongoDBConfiguration] [restartedMain] [33] [INFO ] Start EnMongoDBConfiguration.class : connectToMongoDB()
[2022-04-12T14:37:49.049Z] [com.tecnotree.node.db.mongo.config.EnMongoDBConfiguration] [restartedMain] [36] [DEBUG] Host: 10.252.161.88 dbName: APPOLO_UAT port: 27018
[2022-04-12T14:37:49.049Z] [com.tecnotree.node.db.mongo.config.EnMongoDBConfiguration] [restartedMain] [39] [INFO ] Connecting to Mongo... : mongodb://APPOLO_UAT:APPOLO_UAT@10.252.161.88:27018/APPOLO_UAT
[2022-04-12T14:37:49.049Z] [com.mongodb.diagnostics.logging.SLF4JLogger] [restartedMain] [71] [INFO ] Cluster created with settings {hosts=[10.252.161.88:27018], mode=SINGLE, requiredClusterType=UNKNOWN, serverSelectionTimeout='30000 ms'}
[2022-04-12T14:37:49.049Z] [com.tecnotree.node.db.mongo.config.EnMongoDBConfiguration] [restartedMain] [46] [INFO ] DatabaseName: APPOLO_UAT
[2022-04-12T14:37:49.049Z] [com.tecnotree.node.db.mongo.config.EnMongoDBConfiguration] [restartedMain] [47] [DEBUG] Connected To Mongo Database - host: 10.252.161.88 port: 27018
[2022-04-12T14:37:49.049Z] [com.tecnotree.ExternalNotificationServiceApplication] [restartedMain] [97] [DEBUG] DMN BonoDuration isn't in memory
[2022-04-12T14:37:49.049Z] [com.tecnotree.ExternalNotificationServiceApplication] [restartedMain] [101] [DEBUG] Response From MongoDB is : com.mongodb.client.internal.FindIterableImpl@640869b8
[2022-04-12T14:37:49.049Z] [com.mongodb.diagnostics.logging.SLF4JLogger] [restartedMain] [71] [INFO ] Cluster description not yet available. Waiting for 30000 ms before timing out
[2022-04-12T14:37:57.057Z] [org.apache.juli.logging.DirectJDKLog] [http-nio-9898-exec-2] [173] [INFO ] Initializing Spring DispatcherServlet 'dispatcherServlet'
[2022-04-12T14:37:57.057Z] [org.springframework.web.servlet.FrameworkServlet] [http-nio-9898-exec-2] [525] [INFO ] Initializing Servlet 'dispatcherServlet'
[2022-04-12T14:37:57.057Z] [org.springframework.web.servlet.FrameworkServlet] [http-nio-9898-exec-2] [547] [INFO ] Completed initialization in 1 ms
[2022-04-12T14:37:57.057Z] [com.tecnotree.rest.ExternalNotificationRestController] [http-nio-9898-exec-2] [41] [DEBUG] Calling method validate...
[2022-04-12T14:37:57.057Z] [com.tecnotree.service.RuleService] [ExtNotThread-1] [80] [DEBUG] Timeout default: 0 ms
[2022-04-12T14:37:57.057Z] [com.tecnotree.service.RuleService] [ExtNotThread-1] [81] [INFO ] TransactionId ID: 6a1be301-21f7-4be6-8f31-a456e3e40b34
[2022-04-12T14:37:57.057Z] [com.tecnotree.service.RuleService] [ExtNotThread-1] [82] [INFO ] Payload received: {"ApplicationDetails":{"tenant":"TF","sender":"","userName":"","messageId":"","channel":"prueba","requestedTime":""},"Request":{"msisdn":"957179947","operationCode":"AB","boltonCode":"A1BB","amount":"200","amountExponent":"0","startDate":"2017-11-23T10:01:34.0-05:00","endDate":"2017-11-22T10:15:38.0-05:00","balance":"83020","balExponent":"-3","opCost":"0","opCostExponent":"-3","netCost":"0","netCostExponent":"-3","userCode":"PPGA","subscriberState":"A","subscriberSubState":"A","tariffPlan":"LI","technologyCode":"0100","subOperationCode":"6403","opExecutionDate":"2017-11-23T10:17:15.0-05:00","flagOperationOrCancellation":"false","rejectionCode":"90001","opReference":"11773789187","boltonState":"W"}}
[2022-04-12T14:37:57.057Z] [com.tecnotree.service.RuleService] [ExtNotThread-1] [87] [INFO ] Rule No.1 validating...
[2022-04-12T14:37:57.057Z] [com.tecnotree.service.RuleService] [ExtNotThread-1] [150] [DEBUG] Initial filter 1 no validated
[2022-04-12T14:37:57.057Z] [com.tecnotree.service.RuleService] [ExtNotThread-1] [231] [INFO ] null
[2022-04-12T14:37:57.057Z] [com.tecnotree.output.util.EnCustomResponseMappingUtil] [ExtNotThread-1] [15] [DEBUG] Started EnCustomResponseMappingUtil.class : Proccess Exception message
[2022-04-12T14:37:57.057Z] [com.tecnotree.output.util.EnCustomResponseMappingUtil] [ExtNotThread-1] [29] [DEBUG] Ended EnCustomResponseMappingUtil.class
[2022-04-12T14:37:57.057Z] [com.tecnotree.node.logger.EnLog$1] [Thread-7] [41] [INFO ] ExternalNotificationService Response: {"threadID":"ExtNotThread-1","request":{"Request":{"boltonState":"W","amount":"200","netCost":"0","netCostExponent":"-3","endDate":"2017-11-22T10:15:38.0-05:00","operationCode":"AB","flagOperationOrCancellation":"false","opCostExponent":"-3","userCode":"PPGA","boltonCode":"A1BB","opReference":"11773789187","subscriberSubState":"A","balance":"83020","balExponent":"-3","tariffPlan":"LI","rejectionCode":"90001","opCost":"0","subscriberState":"A","msisdn":"957179947","amountExponent":"0","subOperationCode":"6403","opExecutionDate":"2017-11-23T10:17:15.0-05:00","startDate":"2017-11-23T10:01:34.0-05:00","technologyCode":"0100"},"ApplicationDetails":{"channel":"prueba","messageId":"","userName":"","sender":"","requestedTime":"","tenant":"TF"}},"timeTaken":63,"level":"debug","response":{"error":{"message":"External Notification Configuration Interface service process failed","code":500}},"operationName":"REST","userName":"system","serviceName":"en_configuration_interface","transactionID":"6a1be301-21f7-4be6-8f31-a456e3e40b34","timestamp":"2022-04-12T14:37:57.691580","statusCode":500,"status":"FAILED"}
[2022-04-12T14:37:57.057Z] [org.apache.juli.logging.DirectJDKLog] [http-nio-9898-exec-2] [175] [ERROR] Servlet.service() for servlet [dispatcherServlet] in context with path [] threw exception [Request processing failed; nested exception is java.util.concurrent.ExecutionException: java.lang.NullPointerException] with root cause
java.lang.NullPointerException: null
	at com.tecnotree.service.RuleService.validate(RuleService.java:154)
	at com.tecnotree.service.RuleService$$FastClassBySpringCGLIB$$e22e7896.invoke(<generated>)
	at org.springframework.cglib.proxy.MethodProxy.invoke(MethodProxy.java:218)
	at org.springframework.aop.framework.CglibAopProxy$CglibMethodInvocation.invokeJoinpoint(CglibAopProxy.java:783)
	at org.springframework.aop.framework.ReflectiveMethodInvocation.proceed(ReflectiveMethodInvocation.java:163)
	at org.springframework.aop.framework.CglibAopProxy$CglibMethodInvocation.proceed(CglibAopProxy.java:753)
	at org.springframework.aop.interceptor.AsyncExecutionInterceptor.lambda$invoke$0(AsyncExecutionInterceptor.java:115)
	at org.springframework.aop.interceptor.AsyncExecutionAspectSupport.lambda$doSubmit$3(AsyncExecutionAspectSupport.java:278)
	at java.base/java.util.concurrent.CompletableFuture$AsyncSupply.run(CompletableFuture.java:1700)
	at java.base/java.util.concurrent.ThreadPoolExecutor.runWorker(ThreadPoolExecutor.java:1128)
	at java.base/java.util.concurrent.ThreadPoolExecutor$Worker.run(ThreadPoolExecutor.java:628)
	at java.base/java.lang.Thread.run(Thread.java:834)
[2022-04-12T14:37:59.059Z] [com.mongodb.diagnostics.logging.SLF4JLogger] [cluster-ClusterId{value='6255d50dd6ee6b79f2769eee', description='null'}-10.252.161.88:27018] [76] [INFO ] Exception in monitor thread while connecting to server 10.252.161.88:27018
com.mongodb.MongoSocketOpenException: Exception opening socket
	at com.mongodb.internal.connection.SocketStream.open(SocketStream.java:70)
	at com.mongodb.internal.connection.InternalStreamConnection.open(InternalStreamConnection.java:180)
	at com.mongodb.internal.connection.DefaultServerMonitor$ServerMonitorRunnable.lookupServerDescription(DefaultServerMonitor.java:188)
	at com.mongodb.internal.connection.DefaultServerMonitor$ServerMonitorRunnable.run(DefaultServerMonitor.java:152)
	at java.base/java.lang.Thread.run(Thread.java:834)
Caused by: java.net.SocketTimeoutException: connect timed out
	at java.base/java.net.PlainSocketImpl.waitForConnect(Native Method)
	at java.base/java.net.PlainSocketImpl.socketConnect(PlainSocketImpl.java:107)
	at java.base/java.net.AbstractPlainSocketImpl.doConnect(AbstractPlainSocketImpl.java:399)
	at java.base/java.net.AbstractPlainSocketImpl.connectToAddress(AbstractPlainSocketImpl.java:242)
	at java.base/java.net.AbstractPlainSocketImpl.connect(AbstractPlainSocketImpl.java:224)
	at java.base/java.net.SocksSocketImpl.connect(SocksSocketImpl.java:392)
	at java.base/java.net.Socket.connect(Socket.java:608)
	at com.mongodb.internal.connection.SocketStreamHelper.initialize(SocketStreamHelper.java:107)
	at com.mongodb.internal.connection.SocketStream.initializeSocket(SocketStream.java:79)
	at com.mongodb.internal.connection.SocketStream.open(SocketStream.java:65)
	... 4 common frames omitted
[2022-04-12T14:38:14.014Z] [org.springframework.boot.admin.SpringApplicationAdminMXBeanRegistrar$SpringApplicationAdmin] [RMI TCP Connection(2)-127.0.0.1] [159] [INFO ] Application shutdown requested.
[2022-04-12T14:38:19.019Z] [com.tecnotree.ExternalNotificationServiceApplication] [restartedMain] [137] [INFO ] External Notidicacion Service failed to start: 30197 ms
[2022-04-12T14:38:19.019Z] [org.springframework.boot.autoconfigure.logging.ConditionEvaluationReportLoggingListener] [restartedMain] [136] [INFO ] 

Error starting ApplicationContext. To display the conditions report re-run your application with 'debug' enabled.
[2022-04-12T14:38:19.019Z] [org.springframework.boot.SpringApplication] [restartedMain] [830] [ERROR] Application run failed
java.lang.IllegalStateException: Failed to execute CommandLineRunner
	at org.springframework.boot.SpringApplication.callRunner(SpringApplication.java:780)
	at org.springframework.boot.SpringApplication.callRunners(SpringApplication.java:761)
	at org.springframework.boot.SpringApplication.run(SpringApplication.java:310)
	at org.springframework.boot.SpringApplication.run(SpringApplication.java:1312)
	at org.springframework.boot.SpringApplication.run(SpringApplication.java:1301)
	at com.tecnotree.ExternalNotificationServiceApplication.main(ExternalNotificationServiceApplication.java:48)
	at java.base/jdk.internal.reflect.NativeMethodAccessorImpl.invoke0(Native Method)
	at java.base/jdk.internal.reflect.NativeMethodAccessorImpl.invoke(NativeMethodAccessorImpl.java:62)
	at java.base/jdk.internal.reflect.DelegatingMethodAccessorImpl.invoke(DelegatingMethodAccessorImpl.java:43)
	at java.base/java.lang.reflect.Method.invoke(Method.java:566)
	at org.springframework.boot.devtools.restart.RestartLauncher.run(RestartLauncher.java:49)
Caused by: java.lang.Exception: Exception occured : Timed out after 30000 ms while waiting to connect. Client view of cluster state is {type=UNKNOWN, servers=[{address=10.252.161.88:27018, type=UNKNOWN, state=CONNECTING, exception={com.mongodb.MongoSocketOpenException: Exception opening socket}, caused by {java.net.SocketTimeoutException: connect timed out}}]
	at com.tecnotree.ExternalNotificationServiceApplication.run(ExternalNotificationServiceApplication.java:138)
	at org.springframework.boot.SpringApplication.callRunner(SpringApplication.java:777)
	... 10 common frames omitted
Caused by: com.mongodb.MongoTimeoutException: Timed out after 30000 ms while waiting to connect. Client view of cluster state is {type=UNKNOWN, servers=[{address=10.252.161.88:27018, type=UNKNOWN, state=CONNECTING, exception={com.mongodb.MongoSocketOpenException: Exception opening socket}, caused by {java.net.SocketTimeoutException: connect timed out}}]
	at com.mongodb.internal.connection.BaseCluster.getDescription(BaseCluster.java:181)
	at com.mongodb.internal.connection.SingleServerCluster.getDescription(SingleServerCluster.java:44)
	at com.mongodb.client.internal.MongoClientDelegate.getConnectedClusterDescription(MongoClientDelegate.java:144)
	at com.mongodb.client.internal.MongoClientDelegate.createClientSession(MongoClientDelegate.java:101)
	at com.mongodb.client.internal.MongoClientDelegate$DelegateOperationExecutor.getClientSession(MongoClientDelegate.java:291)
	at com.mongodb.client.internal.MongoClientDelegate$DelegateOperationExecutor.execute(MongoClientDelegate.java:183)
	at com.mongodb.client.internal.MongoIterableImpl.execute(MongoIterableImpl.java:135)
	at com.mongodb.client.internal.MongoIterableImpl.iterator(MongoIterableImpl.java:92)
	at com.tecnotree.ExternalNotificationServiceApplication.run(ExternalNotificationServiceApplication.java:102)
	... 11 common frames omitted
[2022-04-12T14:38:54.054Z] [org.springframework.boot.StartupInfoLogger] [restartedMain] [55] [INFO ] Starting ExternalNotificationServiceApplication using Java 11.0.11 on ECCEVALFR with PID 19800 (C:\Users\cevalfr\git\ExternalNotificationService\ExternalNotificationService\target\classes started by cevalfr in C:\Users\cevalfr\git\ExternalNotificationService\ExternalNotificationService)
[2022-04-12T14:38:54.054Z] [org.springframework.boot.StartupInfoLogger] [restartedMain] [56] [DEBUG] Running with Spring Boot v2.6.4, Spring v5.3.16
[2022-04-12T14:38:54.054Z] [org.springframework.boot.SpringApplication] [restartedMain] [640] [INFO ] No active profile set, falling back to 1 default profile: "default"
[2022-04-12T14:38:54.054Z] [org.springframework.boot.logging.DeferredLog] [restartedMain] [255] [INFO ] Devtools property defaults active! Set 'spring.devtools.add-properties' to 'false' to disable
[2022-04-12T14:38:54.054Z] [org.springframework.boot.logging.DeferredLog] [restartedMain] [255] [INFO ] For additional web related logging consider setting the 'logging.level.web' property to 'DEBUG'
[2022-04-12T14:38:55.055Z] [org.springframework.data.repository.config.RepositoryConfigurationDelegate] [restartedMain] [132] [INFO ] Bootstrapping Spring Data MongoDB repositories in DEFAULT mode.
[2022-04-12T14:38:55.055Z] [org.springframework.data.repository.config.RepositoryConfigurationDelegate] [restartedMain] [201] [INFO ] Finished Spring Data repository scanning in 10 ms. Found 0 MongoDB repository interfaces.
[2022-04-12T14:38:55.055Z] [org.springframework.boot.web.embedded.tomcat.TomcatWebServer] [restartedMain] [108] [INFO ] Tomcat initialized with port(s): 9898 (http)
[2022-04-12T14:38:55.055Z] [org.apache.juli.logging.DirectJDKLog] [restartedMain] [173] [INFO ] Starting service [Tomcat]
[2022-04-12T14:38:55.055Z] [org.apache.juli.logging.DirectJDKLog] [restartedMain] [173] [INFO ] Starting Servlet engine: [Apache Tomcat/9.0.58]
[2022-04-12T14:38:55.055Z] [org.apache.juli.logging.DirectJDKLog] [restartedMain] [173] [INFO ] Initializing Spring embedded WebApplicationContext
[2022-04-12T14:38:55.055Z] [org.springframework.boot.web.servlet.context.ServletWebServerApplicationContext] [restartedMain] [290] [INFO ] Root WebApplicationContext: initialization completed in 1238 ms
[2022-04-12T14:38:55.055Z] [com.tecnotree.config.AsyncConfiguration] [restartedMain] [24] [DEBUG] Enter: taskExecutor
[2022-04-12T14:38:55.055Z] [com.tecnotree.config.AsyncConfiguration] [restartedMain] [29] [DEBUG] CorePoolSize: 30
[2022-04-12T14:38:55.055Z] [com.tecnotree.config.AsyncConfiguration] [restartedMain] [30] [DEBUG] QueueCapacity: 300
[2022-04-12T14:38:55.055Z] [com.tecnotree.config.AsyncConfiguration] [restartedMain] [31] [DEBUG] MaxPoolSize: 40
[2022-04-12T14:38:55.055Z] [com.tecnotree.config.AsyncConfiguration] [restartedMain] [34] [DEBUG] Exit: taskExecutor
[2022-04-12T14:38:56.056Z] [org.springframework.boot.autoconfigure.thymeleaf.ThymeleafAutoConfiguration$DefaultTemplateResolverConfiguration] [restartedMain] [106] [WARN ] Cannot find template location: classpath:/templates/ (please add some templates or check your Thymeleaf configuration)
[2022-04-12T14:38:56.056Z] [org.springframework.boot.devtools.autoconfigure.OptionalLiveReloadServer] [restartedMain] [58] [INFO ] LiveReload server is running on port 35729
[2022-04-12T14:38:56.056Z] [org.springframework.boot.web.embedded.tomcat.TomcatWebServer] [restartedMain] [220] [INFO ] Tomcat started on port(s): 9898 (http) with context path ''
[2022-04-12T14:38:56.056Z] [org.springframework.boot.StartupInfoLogger] [restartedMain] [61] [INFO ] Started ExternalNotificationServiceApplication in 2.257 seconds (JVM running for 3.376)
[2022-04-12T14:38:56.056Z] [com.tecnotree.ExternalNotificationServiceApplication] [restartedMain] [58] [INFO ] Total Rules configured: 19
[2022-04-12T14:38:56.056Z] [com.tecnotree.ExternalNotificationServiceApplication] [restartedMain] [74] [INFO ] Rule No.1: {"id": 1,"ruleDetail": {"timeout": 6000, "applicationName": "mplay_valid_en","initialFilter":{"operationCode":"AB","rejectionCode":"0"}, "dmn":{"table":"BonoDuration","sourceObject":"Request.boltonCode","inputColumn":"boltonCode","outputColum":"bono", "rejectTx": "Error"}, "postHttpRest": "http://mplay-wfi-uat.appolo.com.pe/DAP/workflow/async/mplay_valid_en_demo"}}
[2022-04-12T14:38:56.056Z] [com.tecnotree.ExternalNotificationServiceApplication] [restartedMain] [74] [INFO ] Rule No.2: {"id": 2,"ruleDetail": {"timeout": 6000, "applicationName": "extNot_pcrf","initialFilter":{"operationCode":"AB","rejectionCode":"0"}, "dmn":{"table":"extnotPCRFboltonCode","sourceObject":"Request.boltonCode","inputColumn":"boltonCode","outputColum":"serviceName", "rejectTx": "Error"}, "postHttpRest": "http://dap-mqsequential-processor-service.dap-apps/dmps/mqsequential/mqsequentialService/processSequential"}}
[2022-04-12T14:38:56.056Z] [com.tecnotree.ExternalNotificationServiceApplication] [restartedMain] [74] [INFO ] Rule No.3: {"id": 3,"ruleDetail": {"timeout": 6000, "applicationName": "extNot_pcrf","initialFilter":{"operationCode":"BB","rejectionCode":"0"}, "dmn":{"table":"extnotPCRFboltonCode","sourceObject":"Request.boltonCode","inputColumn":"boltonCode","outputColum":"serviceName", "rejectTx": "Error"}, "postHttpRest": "http://dap-mqsequential-processor-service.dap-apps/dmps/mqsequential/mqsequentialService/processSequential"}}
[2022-04-12T14:38:56.056Z] [com.tecnotree.ExternalNotificationServiceApplication] [restartedMain] [74] [INFO ] Rule No.4: {"id": 4,"ruleDetail": {"timeout": 6000, "applicationName": "extNot_pcrf","initialFilter":{"operationCode":"XB","rejectionCode":"0"}, "dmn":{"table":"extnotPCRFboltonCode","sourceObject":"Request.boltonCode","inputColumn":"boltonCode","outputColum":"serviceName", "rejectTx": "Error"}, "postHttpRest": "http://dap-mqsequential-processor-service.dap-apps/dmps/mqsequential/mqsequentialService/processSequential"}}
[2022-04-12T14:38:56.056Z] [com.tecnotree.ExternalNotificationServiceApplication] [restartedMain] [74] [INFO ] Rule No.5: {"id": 5,"ruleDetail": {"timeout": 6000, "applicationName": "extNot_pcrf","initialFilter":{"operationCode":"RK","rejectionCode":"0"}, "dmn":{"table":"extnotPCRFboltonCode","sourceObject":"Request.boltonCode","inputColumn":"boltonCode","outputColum":"serviceName", "rejectTx": "Error"}, "postHttpRest": "http://dap-mqsequential-processor-service.dap-apps/dmps/mqsequential/mqsequentialService/processSequential"}}
[2022-04-12T14:38:56.056Z] [com.tecnotree.ExternalNotificationServiceApplication] [restartedMain] [74] [INFO ] Rule No.6: {"id": 6,"ruleDetail": {"timeout": 6000, "applicationName": "extNot_on_off","initialFilter":{"operationCode":"AB","rejectionCode":"0"}, "dmn":{"table":"aypPCRFboltonCode","sourceObject":"Request.boltonCode","inputColumn":"boltonCode","outputColum":"serviceName", "rejectTx": "Error"}, "postHttpRest": "http://dap-mqsequential-processor-service.dap-apps/dmps/mqsequential/mqsequentialService/processSequential"}}
[2022-04-12T14:38:56.056Z] [com.tecnotree.ExternalNotificationServiceApplication] [restartedMain] [74] [INFO ] Rule No.7: {"id": 7,"ruleDetail": {"timeout": 6000, "applicationName": "extNot_on_off","initialFilter":{"operationCode":"RK","rejectionCode":"0"}, "dmn":{"table":"aypPCRFboltonCodeRK","sourceObject":"Request.boltonCode","inputColumn":"boltonCode","outputColum":"serviceName", "rejectTx": "Error"}, "postHttpRest": "http://dap-mqsequential-processor-service.dap-apps/dmps/mqsequential/mqsequentialService/processSequential"}}
[2022-04-12T14:38:56.056Z] [com.tecnotree.ExternalNotificationServiceApplication] [restartedMain] [74] [INFO ] Rule No.8: {"id": 8,"ruleDetail": {"timeout": 6000, "applicationName": "extNot_on_off","initialFilter":{"operationCode":"RC","rejectionCode":"0"}, "dmn":{"table":"aypPCRFtariffPlanRC","sourceObject":"Request.tariffPlan","inputColumn":"tariffPlan","outputColum":"serviceName", "rejectTx": "Error"}, "postHttpRest": "http://dap-mqsequential-processor-service.dap-apps/dmps/mqsequential/mqsequentialService/processSequential"}}
[2022-04-12T14:38:56.056Z] [com.tecnotree.ExternalNotificationServiceApplication] [restartedMain] [74] [INFO ] Rule No.9: {"id": 9,"ruleDetail": {"timeout": 6000, "applicationName": "extNot_RTD","initialFilter":{"operationCode":"BB","rejectionCode":"0"}, "dmn":{"table":"extnotRTDboltonCode","sourceObject":"Request.boltonCode","inputColumn":"boltonCode","outputColum":"serviceName", "rejectTx": "Error"}, "postHttpRest": "http://dap-orchestration-mplay-workflownitiator.dap-apps:8080/DAP/workflow/async/extNot_RTD"}}
[2022-04-12T14:38:56.056Z] [com.tecnotree.ExternalNotificationServiceApplication] [restartedMain] [74] [INFO ] Rule No.10: {"id": 10,"ruleDetail": {"timeout": 6000, "applicationName": "extNot_RTD","initialFilter":{"operationCode":"XB","rejectionCode":"0"}, "dmn":{"table":"extnotRTDboltonCode","sourceObject":"Request.boltonCode","inputColumn":"boltonCode","outputColum":"serviceName", "rejectTx": "Error"}, "postHttpRest": "http://dap-orchestration-mplay-workflownitiator.dap-apps:8080/DAP/workflow/async/extNot_RTD"}}
[2022-04-12T14:38:56.056Z] [com.tecnotree.ExternalNotificationServiceApplication] [restartedMain] [74] [INFO ] Rule No.11: {"id": 11,"ruleDetail": {"timeout": 6000, "applicationName": "extNot_RTD","initialFilter":{"operationCode":"CB","rejectionCode":"0"}, "dmn":{"table":"extnotRTDboltonCode","sourceObject":"Request.boltonCode","inputColumn":"boltonCode","outputColum":"serviceName", "rejectTx": "Error"}, "postHttpRest": "http://dap-orchestration-mplay-workflownitiator.dap-apps:8080/DAP/workflow/async/extNot_RTD"}}
[2022-04-12T14:38:56.056Z] [com.tecnotree.ExternalNotificationServiceApplication] [restartedMain] [74] [INFO ] Rule No.12: {"id": 12,"ruleDetail": {"timeout": 6000, "applicationName": "extNot_RTD","initialFilter":{"operationCode":"UB","rejectionCode":"0"}, "dmn":{"table":"extnotRTDboltonCode","sourceObject":"Request.boltonCode","inputColumn":"boltonCode","outputColum":"serviceName", "rejectTx": "Error"}, "postHttpRest": "http://dap-orchestration-mplay-workflownitiator.dap-apps:8080/DAP/workflow/async/extNot_RTD"}}
[2022-04-12T14:38:56.056Z] [com.tecnotree.ExternalNotificationServiceApplication] [restartedMain] [74] [INFO ] Rule No.13: {"id": 13,"ruleDetail": {"timeout": 6000, "applicationName": "extNot_RTD","initialFilter":{"operationCode":"RB","rejectionCode":"0"}, "dmn":{"table":"","sourceObject":"","inputColumn":"","outputColum":"", "rejectTx": ""}, "postHttpRest": "http://dap-orchestration-mplay-workflownitiator.dap-apps:8080/DAP/workflow/async/extNot_RTD"}}
[2022-04-12T14:38:56.056Z] [com.tecnotree.ExternalNotificationServiceApplication] [restartedMain] [74] [INFO ] Rule No.14: {"id": 14,"ruleDetail": {"timeout": 6000, "applicationName": "extNot_ussdPayPerUsage","initialFilter":{"operationCode":"XB","rejectionCode":"0"}, "dmn":{"table":"USSDpayPerUsage","sourceObject":"Request.boltonCode","inputColumn":"boltonCode","outputColum":"profile", "rejectTx": "Error"}, "postHttpRest": "http://dap-orchestration-mplay-workflownitiator.dap-apps:8080/DAP/workflow/async/extNot_ussdPayPerUsage"}}
[2022-04-12T14:38:56.056Z] [com.tecnotree.ExternalNotificationServiceApplication] [restartedMain] [74] [INFO ] Rule No.15: {"id": 15,"ruleDetail": {"timeout": 6000, "applicationName": "extNot_movistar_passport","initialFilter":{"operationCode":"UB","rejectionCode":"0"}, "dmn":{"table":"extNotMovistarPassport","sourceObject":"Request.boltonCode","inputColumn":"boltonCode","outputColum":"serviceName", "rejectTx": "Error"}, "postHttpRest": "http://dap-orchestration-mplay-workflownitiator.dap-apps:8080/DAP/workflow/async/extNot_movistar_passport"}}
[2022-04-12T14:38:56.056Z] [com.tecnotree.ExternalNotificationServiceApplication] [restartedMain] [74] [INFO ] Rule No.16: {"id": 16,"ruleDetail": {"timeout": 6000, "applicationName": "extNot_movistar_roaming","initialFilter":{"operationCode":"AB","rejectionCode":"0"}, "dmn":{"table":"extNotMovistarRoaming","sourceObject":"Request.boltonCode","inputColumn":"boltonCode","outputColum":"serviceName", "rejectTx": "Error"}, "postHttpRest": "http://dap-orchestration-mplay-workflownitiator.dap-apps:8080/DAP/workflow/async/extNot_movistar_roaming"}}
[2022-04-12T14:38:56.056Z] [com.tecnotree.ExternalNotificationServiceApplication] [restartedMain] [74] [INFO ] Rule No.17: {"id": 17,"ruleDetail": {"timeout": 6000, "applicationName": "extNot_movistar_roaming","initialFilter":{"operationCode":"AB","rejectionCode":"90001"}, "dmn":{"table":"extNotMovistarRoaming","sourceObject":"Request.boltonCode","inputColumn":"boltonCode","outputColum":"serviceName", "rejectTx": "Error"}, "postHttpRest": "http://dap-orchestration-mplay-workflownitiator.dap-apps:8080/DAP/workflow/async/extNot_movistar_roaming"}}
[2022-04-12T14:38:56.056Z] [com.tecnotree.ExternalNotificationServiceApplication] [restartedMain] [74] [INFO ] Rule No.18: {"id": 18,"ruleDetail": {"timeout": 6000, "applicationName": "extNot_movistar_roaming","initialFilter":{"operationCode":"XB","rejectionCode":"90001"}, "dmn":{"table":"extNotMovistarRoaming","sourceObject":"Request.boltonCode","inputColumn":"boltonCode","outputColum":"serviceName", "rejectTx": "Error"}, "postHttpRest": "http://dap-orchestration-mplay-workflownitiator.dap-apps:8080/DAP/workflow/async/extNot_movistar_roaming"}}
[2022-04-12T14:38:56.056Z] [com.tecnotree.ExternalNotificationServiceApplication] [restartedMain] [74] [INFO ] Rule No.19: {"id": 19,"ruleDetail": {"timeout": 6000, "applicationName": "lifecycle_balanceRefund","initialFilter":{"operationCode":"RC","rejectionCode":"0","walletId": "1"}, "dmn":{"table":"inputChannelBalanceRefund","sourceObject":"Request.operationCode","inputColumn":"channel","outputColum":"isEnabled", "rejectTx": "0"}, "postHttpRest": "http://dap-orchestration-mplay-workflownitiator.dap-apps:8080/DAP/workflow/async/life-cycle-balance-refund"}}
[2022-04-12T14:38:56.056Z] [com.tecnotree.ExternalNotificationServiceApplication] [restartedMain] [80] [INFO ] Total Rules loaded: 19
[2022-04-12T14:38:56.056Z] [com.tecnotree.ExternalNotificationServiceApplication] [restartedMain] [82] [INFO ] Loading DMN in memory...
[2022-04-12T14:38:56.056Z] [com.tecnotree.node.db.mongo.config.EnMongoDBConfiguration] [restartedMain] [33] [INFO ] Start EnMongoDBConfiguration.class : connectToMongoDB()
[2022-04-12T14:38:56.056Z] [com.tecnotree.node.db.mongo.config.EnMongoDBConfiguration] [restartedMain] [36] [DEBUG] Host: 10.252.161.88 dbName: APPOLO_UAT port: 27018
[2022-04-12T14:38:56.056Z] [com.tecnotree.node.db.mongo.config.EnMongoDBConfiguration] [restartedMain] [39] [INFO ] Connecting to Mongo... : mongodb://APPOLO_UAT:APPOLO_UAT@10.252.161.88:27018/APPOLO_UAT
[2022-04-12T14:38:56.056Z] [com.mongodb.diagnostics.logging.SLF4JLogger] [restartedMain] [71] [INFO ] Cluster created with settings {hosts=[10.252.161.88:27018], mode=SINGLE, requiredClusterType=UNKNOWN, serverSelectionTimeout='30000 ms'}
[2022-04-12T14:38:56.056Z] [com.tecnotree.node.db.mongo.config.EnMongoDBConfiguration] [restartedMain] [46] [INFO ] DatabaseName: APPOLO_UAT
[2022-04-12T14:38:56.056Z] [com.tecnotree.node.db.mongo.config.EnMongoDBConfiguration] [restartedMain] [47] [DEBUG] Connected To Mongo Database - host: 10.252.161.88 port: 27018
[2022-04-12T14:38:56.056Z] [com.tecnotree.ExternalNotificationServiceApplication] [restartedMain] [97] [DEBUG] DMN BonoDuration isn't in memory
[2022-04-12T14:38:56.056Z] [com.tecnotree.ExternalNotificationServiceApplication] [restartedMain] [101] [DEBUG] Response From MongoDB is : com.mongodb.client.internal.FindIterableImpl@781e9324
[2022-04-12T14:38:56.056Z] [com.mongodb.diagnostics.logging.SLF4JLogger] [restartedMain] [71] [INFO ] Cluster description not yet available. Waiting for 30000 ms before timing out
[2022-04-12T14:39:06.006Z] [com.mongodb.diagnostics.logging.SLF4JLogger] [cluster-ClusterId{value='6255d55072c6442d486e0d6a', description='null'}-10.252.161.88:27018] [76] [INFO ] Exception in monitor thread while connecting to server 10.252.161.88:27018
com.mongodb.MongoSocketOpenException: Exception opening socket
	at com.mongodb.internal.connection.SocketStream.open(SocketStream.java:70)
	at com.mongodb.internal.connection.InternalStreamConnection.open(InternalStreamConnection.java:180)
	at com.mongodb.internal.connection.DefaultServerMonitor$ServerMonitorRunnable.lookupServerDescription(DefaultServerMonitor.java:188)
	at com.mongodb.internal.connection.DefaultServerMonitor$ServerMonitorRunnable.run(DefaultServerMonitor.java:152)
	at java.base/java.lang.Thread.run(Thread.java:834)
Caused by: java.net.SocketTimeoutException: connect timed out
	at java.base/java.net.PlainSocketImpl.waitForConnect(Native Method)
	at java.base/java.net.PlainSocketImpl.socketConnect(PlainSocketImpl.java:107)
	at java.base/java.net.AbstractPlainSocketImpl.doConnect(AbstractPlainSocketImpl.java:399)
	at java.base/java.net.AbstractPlainSocketImpl.connectToAddress(AbstractPlainSocketImpl.java:242)
	at java.base/java.net.AbstractPlainSocketImpl.connect(AbstractPlainSocketImpl.java:224)
	at java.base/java.net.SocksSocketImpl.connect(SocksSocketImpl.java:392)
	at java.base/java.net.Socket.connect(Socket.java:608)
	at com.mongodb.internal.connection.SocketStreamHelper.initialize(SocketStreamHelper.java:107)
	at com.mongodb.internal.connection.SocketStream.initializeSocket(SocketStream.java:79)
	at com.mongodb.internal.connection.SocketStream.open(SocketStream.java:65)
	... 4 common frames omitted
[2022-04-12T14:39:26.026Z] [com.tecnotree.ExternalNotificationServiceApplication] [restartedMain] [137] [INFO ] External Notidicacion Service failed to start: 30259 ms
[2022-04-12T14:39:26.026Z] [org.springframework.boot.autoconfigure.logging.ConditionEvaluationReportLoggingListener] [restartedMain] [136] [INFO ] 

Error starting ApplicationContext. To display the conditions report re-run your application with 'debug' enabled.
[2022-04-12T14:39:26.026Z] [org.springframework.boot.SpringApplication] [restartedMain] [830] [ERROR] Application run failed
java.lang.IllegalStateException: Failed to execute CommandLineRunner
	at org.springframework.boot.SpringApplication.callRunner(SpringApplication.java:780)
	at org.springframework.boot.SpringApplication.callRunners(SpringApplication.java:761)
	at org.springframework.boot.SpringApplication.run(SpringApplication.java:310)
	at org.springframework.boot.SpringApplication.run(SpringApplication.java:1312)
	at org.springframework.boot.SpringApplication.run(SpringApplication.java:1301)
	at com.tecnotree.ExternalNotificationServiceApplication.main(ExternalNotificationServiceApplication.java:48)
	at java.base/jdk.internal.reflect.NativeMethodAccessorImpl.invoke0(Native Method)
	at java.base/jdk.internal.reflect.NativeMethodAccessorImpl.invoke(NativeMethodAccessorImpl.java:62)
	at java.base/jdk.internal.reflect.DelegatingMethodAccessorImpl.invoke(DelegatingMethodAccessorImpl.java:43)
	at java.base/java.lang.reflect.Method.invoke(Method.java:566)
	at org.springframework.boot.devtools.restart.RestartLauncher.run(RestartLauncher.java:49)
Caused by: java.lang.Exception: Exception occured : Timed out after 30000 ms while waiting to connect. Client view of cluster state is {type=UNKNOWN, servers=[{address=10.252.161.88:27018, type=UNKNOWN, state=CONNECTING, exception={com.mongodb.MongoSocketOpenException: Exception opening socket}, caused by {java.net.SocketTimeoutException: connect timed out}}]
	at com.tecnotree.ExternalNotificationServiceApplication.run(ExternalNotificationServiceApplication.java:138)
	at org.springframework.boot.SpringApplication.callRunner(SpringApplication.java:777)
	... 10 common frames omitted
Caused by: com.mongodb.MongoTimeoutException: Timed out after 30000 ms while waiting to connect. Client view of cluster state is {type=UNKNOWN, servers=[{address=10.252.161.88:27018, type=UNKNOWN, state=CONNECTING, exception={com.mongodb.MongoSocketOpenException: Exception opening socket}, caused by {java.net.SocketTimeoutException: connect timed out}}]
	at com.mongodb.internal.connection.BaseCluster.getDescription(BaseCluster.java:181)
	at com.mongodb.internal.connection.SingleServerCluster.getDescription(SingleServerCluster.java:44)
	at com.mongodb.client.internal.MongoClientDelegate.getConnectedClusterDescription(MongoClientDelegate.java:144)
	at com.mongodb.client.internal.MongoClientDelegate.createClientSession(MongoClientDelegate.java:101)
	at com.mongodb.client.internal.MongoClientDelegate$DelegateOperationExecutor.getClientSession(MongoClientDelegate.java:291)
	at com.mongodb.client.internal.MongoClientDelegate$DelegateOperationExecutor.execute(MongoClientDelegate.java:183)
	at com.mongodb.client.internal.MongoIterableImpl.execute(MongoIterableImpl.java:135)
	at com.mongodb.client.internal.MongoIterableImpl.iterator(MongoIterableImpl.java:92)
	at com.tecnotree.ExternalNotificationServiceApplication.run(ExternalNotificationServiceApplication.java:102)
	... 11 common frames omitted
