[2022-03-29T16:15:30.030Z] [org.springframework.boot.StartupInfoLogger] [main] [55] [INFO ] Starting ExternalNotificationServiceApplicationTests using Java 11.0.11 on ECCEVALFR with PID 20956 (started by cevalfr in C:\Users\cevalfr\git\ExternalNotificationService\ExternalNotificationService)
[2022-03-29T16:15:30.030Z] [org.springframework.boot.StartupInfoLogger] [main] [56] [DEBUG] Running with Spring Boot v2.6.4, Spring v5.3.16
[2022-03-29T16:15:30.030Z] [org.springframework.boot.SpringApplication] [main] [640] [INFO ] No active profile set, falling back to 1 default profile: "default"
[2022-03-29T16:15:30.030Z] [org.springframework.data.repository.config.RepositoryConfigurationDelegate] [main] [132] [INFO ] Bootstrapping Spring Data MongoDB repositories in DEFAULT mode.
[2022-03-29T16:15:30.030Z] [org.springframework.data.repository.config.RepositoryConfigurationDelegate] [main] [201] [INFO ] Finished Spring Data repository scanning in 9 ms. Found 0 MongoDB repository interfaces.
[2022-03-29T16:15:31.031Z] [com.tecnotree.config.AsyncConfiguration] [main] [24] [DEBUG] Enter: taskExecutor
[2022-03-29T16:15:31.031Z] [com.tecnotree.config.AsyncConfiguration] [main] [31] [DEBUG] Exit: taskExecutor
[2022-03-29T16:15:32.032Z] [org.springframework.boot.autoconfigure.thymeleaf.ThymeleafAutoConfiguration$DefaultTemplateResolverConfiguration] [main] [106] [WARN ] Cannot find template location: classpath:/templates/ (please add some templates or check your Thymeleaf configuration)
[2022-03-29T16:15:32.032Z] [org.springframework.boot.StartupInfoLogger] [main] [61] [INFO ] Started ExternalNotificationServiceApplicationTests in 2.517 seconds (JVM running for 3.492)
[2022-03-29T16:15:32.032Z] [com.tecnotree.ExternalNotificationServiceApplication] [main] [44] [INFO ] Total Rules configured: 4
[2022-03-29T16:15:32.032Z] [com.tecnotree.ExternalNotificationServiceApplication] [main] [60] [INFO ] Rule No.1: {"id": 1,"ruleDetail": {"timeout": 2000, "applicationName": "mplay_valid_en","initialFilter":{"operationCode":"AB","rejectionCode":"0","walletId": "0"}, "dmn":{"table":"BonoDuration","sourceObject":"Request.boltonCode","inputColumn":"boltonCode","outputColum":"bono", "rejectTx": "Error"}, "postHttpRest": "http://mplay-wfi-uat.appolo.com.pe/DAP/workflow/async/mplay_valid_en_demo"}}
[2022-03-29T16:15:32.032Z] [com.tecnotree.ExternalNotificationServiceApplication] [main] [60] [INFO ] Rule No.2: {"id": 2,"ruleDetail": {"timeout": 2000, "applicationName": "extNot_pcrf","initialFilter":{"operationCode":"AB","rejectionCode":"0","walletId": "0"}, "dmn":{"table":"extnotPCRFboltonCode","sourceObject":"Request.boltonCode","inputColumn":"boltonCode","outputColum":"serviceName", "rejectTx": "Error"}, "postHttpRest": "http://dap-mqsequential-processor-service.dap-apps/dmps/mqsequential/mqsequentialService/processSequential"}}
[2022-03-29T16:15:32.032Z] [com.tecnotree.ExternalNotificationServiceApplication] [main] [60] [INFO ] Rule No.3: {"id": 3,"ruleDetail": {"timeout": 6000, "applicationName": "extNot_on_off","initialFilter":{"operationCode":"AB","rejectionCode":"0","walletId": "0"}, "dmn":{"table":"aypPCRFboltonCode","sourceObject":"Request.boltonCode","inputColumn":"boltonCode","outputColum":"serviceName", "rejectTx": "Error"}, "postHttpRest": "http://dap-mqsequential-processor-service.dap-apps/dmps/mqsequential/mqsequentialService/processSequential"}}
[2022-03-29T16:15:32.032Z] [com.tecnotree.ExternalNotificationServiceApplication] [main] [60] [INFO ] Rule No.4: {"id": 4,"ruleDetail": {"timeout": 1, "applicationName": "lifecycle_balanceRefund","initialFilter":{"operationCode":"RC","rejectionCode":"0","walletId": "1"}, "dmn":{"table":"inputChannelBalanceRefund","sourceObject":"Request.operationCode","inputColumn":"channel","outputColum":"isEnabled", "rejectTx": "0"}, "postHttpRest": "http://dap-orchestration-mplay-workflownitiator.dap-apps:8080/DAP/workflow/async/life-cycle-balance-refund"}}
[2022-03-29T16:15:32.032Z] [com.tecnotree.ExternalNotificationServiceApplication] [main] [66] [INFO ] Total Rules loaded: 4
[2022-03-29T16:17:58.058Z] [org.springframework.boot.StartupInfoLogger] [main] [55] [INFO ] Starting ExternalNotificationServiceApplicationTests using Java 11.0.11 on ECCEVALFR with PID 10552 (started by cevalfr in C:\Users\cevalfr\git\ExternalNotificationService\ExternalNotificationService)
[2022-03-29T16:17:58.058Z] [org.springframework.boot.StartupInfoLogger] [main] [56] [DEBUG] Running with Spring Boot v2.6.4, Spring v5.3.16
[2022-03-29T16:17:58.058Z] [org.springframework.boot.SpringApplication] [main] [640] [INFO ] No active profile set, falling back to 1 default profile: "default"
[2022-03-29T16:17:59.059Z] [org.springframework.data.repository.config.RepositoryConfigurationDelegate] [main] [132] [INFO ] Bootstrapping Spring Data MongoDB repositories in DEFAULT mode.
[2022-03-29T16:17:59.059Z] [org.springframework.data.repository.config.RepositoryConfigurationDelegate] [main] [201] [INFO ] Finished Spring Data repository scanning in 11 ms. Found 0 MongoDB repository interfaces.
[2022-03-29T16:18:00.000Z] [com.tecnotree.config.AsyncConfiguration] [main] [24] [DEBUG] Enter: taskExecutor
[2022-03-29T16:18:00.000Z] [com.tecnotree.config.AsyncConfiguration] [main] [31] [DEBUG] Exit: taskExecutor
[2022-03-29T16:18:01.001Z] [org.springframework.boot.autoconfigure.thymeleaf.ThymeleafAutoConfiguration$DefaultTemplateResolverConfiguration] [main] [106] [WARN ] Cannot find template location: classpath:/templates/ (please add some templates or check your Thymeleaf configuration)
[2022-03-29T16:18:01.001Z] [org.springframework.boot.StartupInfoLogger] [main] [61] [INFO ] Started ExternalNotificationServiceApplicationTests in 2.723 seconds (JVM running for 3.815)
[2022-03-29T16:18:01.001Z] [com.tecnotree.ExternalNotificationServiceApplication] [main] [44] [INFO ] Total Rules configured: 4
[2022-03-29T16:18:01.001Z] [com.tecnotree.ExternalNotificationServiceApplication] [main] [60] [INFO ] Rule No.1: {"id": 1,"ruleDetail": {"timeout": 2000, "applicationName": "mplay_valid_en","initialFilter":{"operationCode":"AB","rejectionCode":"0","walletId": "0"}, "dmn":{"table":"BonoDuration","sourceObject":"Request.boltonCode","inputColumn":"boltonCode","outputColum":"bono", "rejectTx": "Error"}, "postHttpRest": "http://mplay-wfi-uat.appolo.com.pe/DAP/workflow/async/mplay_valid_en_demo"}}
[2022-03-29T16:18:01.001Z] [com.tecnotree.ExternalNotificationServiceApplication] [main] [60] [INFO ] Rule No.2: {"id": 2,"ruleDetail": {"timeout": 2000, "applicationName": "extNot_pcrf","initialFilter":{"operationCode":"AB","rejectionCode":"0","walletId": "0"}, "dmn":{"table":"extnotPCRFboltonCode","sourceObject":"Request.boltonCode","inputColumn":"boltonCode","outputColum":"serviceName", "rejectTx": "Error"}, "postHttpRest": "http://dap-mqsequential-processor-service.dap-apps/dmps/mqsequential/mqsequentialService/processSequential"}}
[2022-03-29T16:18:01.001Z] [com.tecnotree.ExternalNotificationServiceApplication] [main] [60] [INFO ] Rule No.3: {"id": 3,"ruleDetail": {"timeout": 6000, "applicationName": "extNot_on_off","initialFilter":{"operationCode":"AB","rejectionCode":"0","walletId": "0"}, "dmn":{"table":"aypPCRFboltonCode","sourceObject":"Request.boltonCode","inputColumn":"boltonCode","outputColum":"serviceName", "rejectTx": "Error"}, "postHttpRest": "http://dap-mqsequential-processor-service.dap-apps/dmps/mqsequential/mqsequentialService/processSequential"}}
[2022-03-29T16:18:01.001Z] [com.tecnotree.ExternalNotificationServiceApplication] [main] [60] [INFO ] Rule No.4: {"id": 4,"ruleDetail": {"timeout": 1, "applicationName": "lifecycle_balanceRefund","initialFilter":{"operationCode":"RC","rejectionCode":"0","walletId": "1"}, "dmn":{"table":"inputChannelBalanceRefund","sourceObject":"Request.operationCode","inputColumn":"channel","outputColum":"isEnabled", "rejectTx": "0"}, "postHttpRest": "http://dap-orchestration-mplay-workflownitiator.dap-apps:8080/DAP/workflow/async/life-cycle-balance-refund"}}
[2022-03-29T16:18:01.001Z] [com.tecnotree.ExternalNotificationServiceApplication] [main] [66] [INFO ] Total Rules loaded: 4
[2022-03-29T16:20:21.021Z] [org.springframework.boot.StartupInfoLogger] [main] [55] [INFO ] Starting ExternalNotificationServiceApplicationTests using Java 11.0.11 on ECCEVALFR with PID 33784 (started by cevalfr in C:\Users\cevalfr\git\ExternalNotificationService\ExternalNotificationService)
[2022-03-29T16:20:21.021Z] [org.springframework.boot.StartupInfoLogger] [main] [56] [DEBUG] Running with Spring Boot v2.6.4, Spring v5.3.16
[2022-03-29T16:20:21.021Z] [org.springframework.boot.SpringApplication] [main] [640] [INFO ] No active profile set, falling back to 1 default profile: "default"
[2022-03-29T16:20:21.021Z] [org.springframework.data.repository.config.RepositoryConfigurationDelegate] [main] [132] [INFO ] Bootstrapping Spring Data MongoDB repositories in DEFAULT mode.
[2022-03-29T16:20:21.021Z] [org.springframework.data.repository.config.RepositoryConfigurationDelegate] [main] [201] [INFO ] Finished Spring Data repository scanning in 15 ms. Found 0 MongoDB repository interfaces.
[2022-03-29T16:20:22.022Z] [com.tecnotree.config.AsyncConfiguration] [main] [24] [DEBUG] Enter: taskExecutor
[2022-03-29T16:20:22.022Z] [com.tecnotree.config.AsyncConfiguration] [main] [29] [DEBUG] CorePoolSize: 30
[2022-03-29T16:20:22.022Z] [com.tecnotree.config.AsyncConfiguration] [main] [30] [DEBUG] QueueCapacity: 300
[2022-03-29T16:20:22.022Z] [com.tecnotree.config.AsyncConfiguration] [main] [31] [DEBUG] MaxPoolSize: 40
[2022-03-29T16:20:22.022Z] [com.tecnotree.config.AsyncConfiguration] [main] [34] [DEBUG] Exit: taskExecutor
[2022-03-29T16:20:23.023Z] [org.springframework.boot.autoconfigure.thymeleaf.ThymeleafAutoConfiguration$DefaultTemplateResolverConfiguration] [main] [106] [WARN ] Cannot find template location: classpath:/templates/ (please add some templates or check your Thymeleaf configuration)
[2022-03-29T16:20:23.023Z] [org.springframework.boot.StartupInfoLogger] [main] [61] [INFO ] Started ExternalNotificationServiceApplicationTests in 2.872 seconds (JVM running for 3.934)
[2022-03-29T16:20:23.023Z] [com.tecnotree.ExternalNotificationServiceApplication] [main] [44] [INFO ] Total Rules configured: 4
[2022-03-29T16:20:23.023Z] [com.tecnotree.ExternalNotificationServiceApplication] [main] [60] [INFO ] Rule No.1: {"id": 1,"ruleDetail": {"timeout": 2000, "applicationName": "mplay_valid_en","initialFilter":{"operationCode":"AB","rejectionCode":"0","walletId": "0"}, "dmn":{"table":"BonoDuration","sourceObject":"Request.boltonCode","inputColumn":"boltonCode","outputColum":"bono", "rejectTx": "Error"}, "postHttpRest": "http://mplay-wfi-uat.appolo.com.pe/DAP/workflow/async/mplay_valid_en_demo"}}
[2022-03-29T16:20:23.023Z] [com.tecnotree.ExternalNotificationServiceApplication] [main] [60] [INFO ] Rule No.2: {"id": 2,"ruleDetail": {"timeout": 2000, "applicationName": "extNot_pcrf","initialFilter":{"operationCode":"AB","rejectionCode":"0","walletId": "0"}, "dmn":{"table":"extnotPCRFboltonCode","sourceObject":"Request.boltonCode","inputColumn":"boltonCode","outputColum":"serviceName", "rejectTx": "Error"}, "postHttpRest": "http://dap-mqsequential-processor-service.dap-apps/dmps/mqsequential/mqsequentialService/processSequential"}}
[2022-03-29T16:20:23.023Z] [com.tecnotree.ExternalNotificationServiceApplication] [main] [60] [INFO ] Rule No.3: {"id": 3,"ruleDetail": {"timeout": 6000, "applicationName": "extNot_on_off","initialFilter":{"operationCode":"AB","rejectionCode":"0","walletId": "0"}, "dmn":{"table":"aypPCRFboltonCode","sourceObject":"Request.boltonCode","inputColumn":"boltonCode","outputColum":"serviceName", "rejectTx": "Error"}, "postHttpRest": "http://dap-mqsequential-processor-service.dap-apps/dmps/mqsequential/mqsequentialService/processSequential"}}
[2022-03-29T16:20:23.023Z] [com.tecnotree.ExternalNotificationServiceApplication] [main] [60] [INFO ] Rule No.4: {"id": 4,"ruleDetail": {"timeout": 1, "applicationName": "lifecycle_balanceRefund","initialFilter":{"operationCode":"RC","rejectionCode":"0","walletId": "1"}, "dmn":{"table":"inputChannelBalanceRefund","sourceObject":"Request.operationCode","inputColumn":"channel","outputColum":"isEnabled", "rejectTx": "0"}, "postHttpRest": "http://dap-orchestration-mplay-workflownitiator.dap-apps:8080/DAP/workflow/async/life-cycle-balance-refund"}}
[2022-03-29T16:20:23.023Z] [com.tecnotree.ExternalNotificationServiceApplication] [main] [66] [INFO ] Total Rules loaded: 4
[2022-03-29T16:22:26.026Z] [org.springframework.boot.StartupInfoLogger] [main] [55] [INFO ] Starting ExternalNotificationServiceApplicationTests using Java 11.0.11 on ECCEVALFR with PID 31652 (started by cevalfr in C:\Users\cevalfr\git\ExternalNotificationService\ExternalNotificationService)
[2022-03-29T16:22:26.026Z] [org.springframework.boot.SpringApplication] [main] [640] [INFO ] No active profile set, falling back to 1 default profile: "default"
[2022-03-29T16:22:27.027Z] [org.springframework.data.repository.config.RepositoryConfigurationDelegate] [main] [132] [INFO ] Bootstrapping Spring Data MongoDB repositories in DEFAULT mode.
[2022-03-29T16:22:27.027Z] [org.springframework.data.repository.config.RepositoryConfigurationDelegate] [main] [201] [INFO ] Finished Spring Data repository scanning in 9 ms. Found 0 MongoDB repository interfaces.
[2022-03-29T16:22:28.028Z] [org.springframework.boot.autoconfigure.thymeleaf.ThymeleafAutoConfiguration$DefaultTemplateResolverConfiguration] [main] [106] [WARN ] Cannot find template location: classpath:/templates/ (please add some templates or check your Thymeleaf configuration)
[2022-03-29T16:22:28.028Z] [org.springframework.boot.StartupInfoLogger] [main] [61] [INFO ] Started ExternalNotificationServiceApplicationTests in 2.396 seconds (JVM running for 3.384)
[2022-03-29T16:22:28.028Z] [com.tecnotree.ExternalNotificationServiceApplication] [main] [44] [INFO ] Total Rules configured: 4
[2022-03-29T16:22:28.028Z] [com.tecnotree.ExternalNotificationServiceApplication] [main] [60] [INFO ] Rule No.1: {"id": 1,"ruleDetail": {"timeout": 2000, "applicationName": "mplay_valid_en","initialFilter":{"operationCode":"AB","rejectionCode":"0","walletId": "0"}, "dmn":{"table":"BonoDuration","sourceObject":"Request.boltonCode","inputColumn":"boltonCode","outputColum":"bono", "rejectTx": "Error"}, "postHttpRest": "http://mplay-wfi-uat.appolo.com.pe/DAP/workflow/async/mplay_valid_en_demo"}}
[2022-03-29T16:22:28.028Z] [com.tecnotree.ExternalNotificationServiceApplication] [main] [60] [INFO ] Rule No.2: {"id": 2,"ruleDetail": {"timeout": 2000, "applicationName": "extNot_pcrf","initialFilter":{"operationCode":"AB","rejectionCode":"0","walletId": "0"}, "dmn":{"table":"extnotPCRFboltonCode","sourceObject":"Request.boltonCode","inputColumn":"boltonCode","outputColum":"serviceName", "rejectTx": "Error"}, "postHttpRest": "http://dap-mqsequential-processor-service.dap-apps/dmps/mqsequential/mqsequentialService/processSequential"}}
[2022-03-29T16:22:28.028Z] [com.tecnotree.ExternalNotificationServiceApplication] [main] [60] [INFO ] Rule No.3: {"id": 3,"ruleDetail": {"timeout": 6000, "applicationName": "extNot_on_off","initialFilter":{"operationCode":"AB","rejectionCode":"0","walletId": "0"}, "dmn":{"table":"aypPCRFboltonCode","sourceObject":"Request.boltonCode","inputColumn":"boltonCode","outputColum":"serviceName", "rejectTx": "Error"}, "postHttpRest": "http://dap-mqsequential-processor-service.dap-apps/dmps/mqsequential/mqsequentialService/processSequential"}}
[2022-03-29T16:22:28.028Z] [com.tecnotree.ExternalNotificationServiceApplication] [main] [60] [INFO ] Rule No.4: {"id": 4,"ruleDetail": {"timeout": 1, "applicationName": "lifecycle_balanceRefund","initialFilter":{"operationCode":"RC","rejectionCode":"0","walletId": "1"}, "dmn":{"table":"inputChannelBalanceRefund","sourceObject":"Request.operationCode","inputColumn":"channel","outputColum":"isEnabled", "rejectTx": "0"}, "postHttpRest": "http://dap-orchestration-mplay-workflownitiator.dap-apps:8080/DAP/workflow/async/life-cycle-balance-refund"}}
[2022-03-29T16:22:28.028Z] [com.tecnotree.ExternalNotificationServiceApplication] [main] [66] [INFO ] Total Rules loaded: 4
[2022-03-29T16:38:02.002Z] [org.springframework.boot.StartupInfoLogger] [main] [55] [INFO ] Starting ExternalNotificationServiceApplicationTests using Java 11.0.11 on ECCEVALFR with PID 26280 (started by cevalfr in C:\Users\cevalfr\git\ExternalNotificationService\ExternalNotificationService)
[2022-03-29T16:38:02.002Z] [org.springframework.boot.SpringApplication] [main] [640] [INFO ] No active profile set, falling back to 1 default profile: "default"
[2022-03-29T16:38:03.003Z] [org.springframework.data.repository.config.RepositoryConfigurationDelegate] [main] [132] [INFO ] Bootstrapping Spring Data MongoDB repositories in DEFAULT mode.
[2022-03-29T16:38:03.003Z] [org.springframework.data.repository.config.RepositoryConfigurationDelegate] [main] [201] [INFO ] Finished Spring Data repository scanning in 10 ms. Found 0 MongoDB repository interfaces.
[2022-03-29T16:38:04.004Z] [org.springframework.boot.autoconfigure.thymeleaf.ThymeleafAutoConfiguration$DefaultTemplateResolverConfiguration] [main] [106] [WARN ] Cannot find template location: classpath:/templates/ (please add some templates or check your Thymeleaf configuration)
[2022-03-29T16:38:04.004Z] [org.springframework.boot.StartupInfoLogger] [main] [61] [INFO ] Started ExternalNotificationServiceApplicationTests in 2.561 seconds (JVM running for 3.625)
[2022-03-29T16:38:04.004Z] [com.tecnotree.ExternalNotificationServiceApplication] [main] [44] [INFO ] Total Rules configured: 4
[2022-03-29T16:38:04.004Z] [com.tecnotree.ExternalNotificationServiceApplication] [main] [60] [INFO ] Rule No.1: {"id": 1,"ruleDetail": {"timeout": 2000, "applicationName": "mplay_valid_en","initialFilter":{"operationCode":"AB","rejectionCode":"0","walletId": "0"}, "dmn":{"table":"BonoDuration","sourceObject":"Request.boltonCode","inputColumn":"boltonCode","outputColum":"bono", "rejectTx": "Error"}, "postHttpRest": "http://mplay-wfi-uat.appolo.com.pe/DAP/workflow/async/mplay_valid_en_demo"}}
[2022-03-29T16:38:04.004Z] [com.tecnotree.ExternalNotificationServiceApplication] [main] [60] [INFO ] Rule No.2: {"id": 2,"ruleDetail": {"timeout": 2000, "applicationName": "extNot_pcrf","initialFilter":{"operationCode":"AB","rejectionCode":"0","walletId": "0"}, "dmn":{"table":"extnotPCRFboltonCode","sourceObject":"Request.boltonCode","inputColumn":"boltonCode","outputColum":"serviceName", "rejectTx": "Error"}, "postHttpRest": "http://dap-mqsequential-processor-service.dap-apps/dmps/mqsequential/mqsequentialService/processSequential"}}
[2022-03-29T16:38:04.004Z] [com.tecnotree.ExternalNotificationServiceApplication] [main] [60] [INFO ] Rule No.3: {"id": 3,"ruleDetail": {"timeout": 6000, "applicationName": "extNot_on_off","initialFilter":{"operationCode":"AB","rejectionCode":"0","walletId": "0"}, "dmn":{"table":"aypPCRFboltonCode","sourceObject":"Request.boltonCode","inputColumn":"boltonCode","outputColum":"serviceName", "rejectTx": "Error"}, "postHttpRest": "http://dap-mqsequential-processor-service.dap-apps/dmps/mqsequential/mqsequentialService/processSequential"}}
[2022-03-29T16:38:04.004Z] [com.tecnotree.ExternalNotificationServiceApplication] [main] [60] [INFO ] Rule No.4: {"id": 4,"ruleDetail": {"timeout": 1, "applicationName": "lifecycle_balanceRefund","initialFilter":{"operationCode":"RC","rejectionCode":"0","walletId": "1"}, "dmn":{"table":"inputChannelBalanceRefund","sourceObject":"Request.operationCode","inputColumn":"channel","outputColum":"isEnabled", "rejectTx": "0"}, "postHttpRest": "http://dap-orchestration-mplay-workflownitiator.dap-apps:8080/DAP/workflow/async/life-cycle-balance-refund"}}
[2022-03-29T16:38:04.004Z] [com.tecnotree.ExternalNotificationServiceApplication] [main] [66] [INFO ] Total Rules loaded: 4
[2022-03-29T16:46:11.011Z] [org.springframework.boot.StartupInfoLogger] [main] [55] [INFO ] Starting ExternalNotificationServiceApplicationTests using Java 11.0.11 on ECCEVALFR with PID 29556 (started by cevalfr in C:\Users\cevalfr\git\ExternalNotificationService\ExternalNotificationService)
[2022-03-29T16:46:11.011Z] [org.springframework.boot.StartupInfoLogger] [main] [56] [DEBUG] Running with Spring Boot v2.6.4, Spring v5.3.16
[2022-03-29T16:46:11.011Z] [org.springframework.boot.SpringApplication] [main] [640] [INFO ] No active profile set, falling back to 1 default profile: "default"
[2022-03-29T16:46:12.012Z] [org.springframework.data.repository.config.RepositoryConfigurationDelegate] [main] [132] [INFO ] Bootstrapping Spring Data MongoDB repositories in DEFAULT mode.
[2022-03-29T16:46:12.012Z] [org.springframework.data.repository.config.RepositoryConfigurationDelegate] [main] [201] [INFO ] Finished Spring Data repository scanning in 12 ms. Found 0 MongoDB repository interfaces.
[2022-03-29T16:46:12.012Z] [com.tecnotree.config.AsyncConfiguration] [main] [24] [DEBUG] Enter: taskExecutor
[2022-03-29T16:46:12.012Z] [com.tecnotree.config.AsyncConfiguration] [main] [29] [DEBUG] CorePoolSize: 30
[2022-03-29T16:46:12.012Z] [com.tecnotree.config.AsyncConfiguration] [main] [30] [DEBUG] QueueCapacity: 300
[2022-03-29T16:46:12.012Z] [com.tecnotree.config.AsyncConfiguration] [main] [31] [DEBUG] MaxPoolSize: 40
[2022-03-29T16:46:12.012Z] [com.tecnotree.config.AsyncConfiguration] [main] [34] [DEBUG] Exit: taskExecutor
[2022-03-29T16:46:13.013Z] [org.springframework.boot.autoconfigure.thymeleaf.ThymeleafAutoConfiguration$DefaultTemplateResolverConfiguration] [main] [106] [WARN ] Cannot find template location: classpath:/templates/ (please add some templates or check your Thymeleaf configuration)
[2022-03-29T16:46:13.013Z] [org.springframework.boot.StartupInfoLogger] [main] [61] [INFO ] Started ExternalNotificationServiceApplicationTests in 2.554 seconds (JVM running for 3.571)
[2022-03-29T16:46:13.013Z] [com.tecnotree.ExternalNotificationServiceApplication] [main] [44] [INFO ] Total Rules configured: 4
[2022-03-29T16:46:14.014Z] [com.tecnotree.ExternalNotificationServiceApplication] [main] [60] [INFO ] Rule No.1: {"id": 1,"ruleDetail": {"timeout": 2000, "applicationName": "mplay_valid_en","initialFilter":{"operationCode":"AB","rejectionCode":"0","walletId": "0"}, "dmn":{"table":"BonoDuration","sourceObject":"Request.boltonCode","inputColumn":"boltonCode","outputColum":"bono", "rejectTx": "Error"}, "postHttpRest": "http://mplay-wfi-uat.appolo.com.pe/DAP/workflow/async/mplay_valid_en_demo"}}
[2022-03-29T16:46:14.014Z] [com.tecnotree.ExternalNotificationServiceApplication] [main] [60] [INFO ] Rule No.2: {"id": 2,"ruleDetail": {"timeout": 2000, "applicationName": "extNot_pcrf","initialFilter":{"operationCode":"AB","rejectionCode":"0","walletId": "0"}, "dmn":{"table":"extnotPCRFboltonCode","sourceObject":"Request.boltonCode","inputColumn":"boltonCode","outputColum":"serviceName", "rejectTx": "Error"}, "postHttpRest": "http://dap-mqsequential-processor-service.dap-apps/dmps/mqsequential/mqsequentialService/processSequential"}}
[2022-03-29T16:46:14.014Z] [com.tecnotree.ExternalNotificationServiceApplication] [main] [60] [INFO ] Rule No.3: {"id": 3,"ruleDetail": {"timeout": 6000, "applicationName": "extNot_on_off","initialFilter":{"operationCode":"AB","rejectionCode":"0","walletId": "0"}, "dmn":{"table":"aypPCRFboltonCode","sourceObject":"Request.boltonCode","inputColumn":"boltonCode","outputColum":"serviceName", "rejectTx": "Error"}, "postHttpRest": "http://dap-mqsequential-processor-service.dap-apps/dmps/mqsequential/mqsequentialService/processSequential"}}
[2022-03-29T16:46:14.014Z] [com.tecnotree.ExternalNotificationServiceApplication] [main] [60] [INFO ] Rule No.4: {"id": 4,"ruleDetail": {"timeout": 1, "applicationName": "lifecycle_balanceRefund","initialFilter":{"operationCode":"RC","rejectionCode":"0","walletId": "1"}, "dmn":{"table":"inputChannelBalanceRefund","sourceObject":"Request.operationCode","inputColumn":"channel","outputColum":"isEnabled", "rejectTx": "0"}, "postHttpRest": "http://dap-orchestration-mplay-workflownitiator.dap-apps:8080/DAP/workflow/async/life-cycle-balance-refund"}}
[2022-03-29T16:46:14.014Z] [com.tecnotree.ExternalNotificationServiceApplication] [main] [66] [INFO ] Total Rules loaded: 4
